2016-08-04 15:52:49,237 [http-bio-8084-exec-7] [org.springframework.web.servlet.mvc.method.annotation.ResponseBodyAdviceChain]-[DEBUG] After ResponseBodyAdvice chain body=org.springframework.http.converter.json.MappingJacksonValue@8b59b5
2016-08-04 15:52:49,238 [http-bio-8084-exec-7] [org.springframework.web.servlet.mvc.method.annotation.RequestResponseBodyMethodProcessor]-[DEBUG] Written [org.springframework.http.converter.json.MappingJacksonValue@8b59b5] as "application/json;charset=UTF-8" using [org.springframework.http.converter.json.MappingJackson2HttpMessageConverter@1c01039]
2016-08-04 15:52:49,238 [http-bio-8084-exec-7] [org.springframework.web.servlet.DispatcherServlet]-[DEBUG] Null ModelAndView returned to DispatcherServlet with name 'taotao-sso': assuming HandlerAdapter completed request handling
2016-08-04 15:52:49,238 [http-bio-8084-exec-7] [org.springframework.web.servlet.DispatcherServlet]-[DEBUG] Successfully completed request
2016-08-04 15:52:50,304 [http-bio-8084-exec-7] [org.springframework.web.servlet.DispatcherServlet]-[DEBUG] DispatcherServlet with name 'taotao-sso' processing GET request for [/user/token/c725fe55-cbfd-41b5-9e24-3bdf96f6bd20]
2016-08-04 15:52:50,304 [http-bio-8084-exec-7] [org.springframework.web.servlet.mvc.method.annotation.RequestMappingHandlerMapping]-[DEBUG] Looking up handler method for path /user/token/c725fe55-cbfd-41b5-9e24-3bdf96f6bd20
2016-08-04 15:52:50,304 [http-bio-8084-exec-7] [org.springframework.web.servlet.mvc.method.annotation.RequestMappingHandlerMapping]-[DEBUG] Returning handler method [public java.lang.Object com.taotao.sso.controller.UserController.getUserByToken(java.lang.String,java.lang.String)]
2016-08-04 15:52:50,304 [http-bio-8084-exec-7] [org.springframework.beans.factory.support.DefaultListableBeanFactory]-[DEBUG] Returning cached instance of singleton bean 'userController'
2016-08-04 15:52:50,304 [http-bio-8084-exec-7] [org.springframework.web.servlet.DispatcherServlet]-[DEBUG] Last-Modified value for [/user/token/c725fe55-cbfd-41b5-9e24-3bdf96f6bd20] is: -1
2016-08-04 15:52:50,306 [http-bio-8084-exec-7] [org.springframework.web.servlet.mvc.method.annotation.ResponseBodyAdviceChain]-[DEBUG] Invoking ResponseBodyAdvice chain for body=org.springframework.http.converter.json.MappingJacksonValue@aeac9e
2016-08-04 15:52:50,307 [http-bio-8084-exec-7] [org.springframework.web.servlet.mvc.method.annotation.ResponseBodyAdviceChain]-[DEBUG] After ResponseBodyAdvice chain body=org.springframework.http.converter.json.MappingJacksonValue@aeac9e
2016-08-04 15:52:50,307 [http-bio-8084-exec-7] [org.springframework.web.servlet.mvc.method.annotation.RequestResponseBodyMethodProcessor]-[DEBUG] Written [org.springframework.http.converter.json.MappingJacksonValue@aeac9e] as "application/json;charset=UTF-8" using [org.springframework.http.converter.json.MappingJackson2HttpMessageConverter@1c01039]
2016-08-04 15:52:50,307 [http-bio-8084-exec-7] [org.springframework.web.servlet.DispatcherServlet]-[DEBUG] Null ModelAndView returned to DispatcherServlet with name 'taotao-sso': assuming HandlerAdapter completed request handling
2016-08-04 15:52:50,307 [http-bio-8084-exec-7] [org.springframework.web.servlet.DispatcherServlet]-[DEBUG] Successfully completed request
2016-08-04 15:52:52,136 [http-bio-8084-exec-7] [org.springframework.web.servlet.DispatcherServlet]-[DEBUG] DispatcherServlet with name 'taotao-sso' processing GET request for [/user/token/c725fe55-cbfd-41b5-9e24-3bdf96f6bd20]
2016-08-04 15:52:52,137 [http-bio-8084-exec-7] [org.springframework.web.servlet.mvc.method.annotation.RequestMappingHandlerMapping]-[DEBUG] Looking up handler method for path /user/token/c725fe55-cbfd-41b5-9e24-3bdf96f6bd20
2016-08-04 15:52:52,138 [http-bio-8084-exec-7] [org.springframework.web.servlet.mvc.method.annotation.RequestMappingHandlerMapping]-[DEBUG] Returning handler method [public java.lang.Object com.taotao.sso.controller.UserController.getUserByToken(java.lang.String,java.lang.String)]
2016-08-04 15:52:52,138 [http-bio-8084-exec-7] [org.springframework.beans.factory.support.DefaultListableBeanFactory]-[DEBUG] Returning cached instance of singleton bean 'userController'
2016-08-04 15:52:52,139 [http-bio-8084-exec-7] [org.springframework.web.servlet.DispatcherServlet]-[DEBUG] Last-Modified value for [/user/token/c725fe55-cbfd-41b5-9e24-3bdf96f6bd20] is: -1
2016-08-04 15:52:52,142 [http-bio-8084-exec-7] [org.springframework.web.servlet.mvc.method.annotation.ResponseBodyAdviceChain]-[DEBUG] Invoking ResponseBodyAdvice chain for body=org.springframework.http.converter.json.MappingJacksonValue@1c6cef6
2016-08-04 15:52:52,142 [http-bio-8084-exec-7] [org.springframework.web.servlet.mvc.method.annotation.ResponseBodyAdviceChain]-[DEBUG] After ResponseBodyAdvice chain body=org.springframework.http.converter.json.MappingJacksonValue@1c6cef6
2016-08-04 15:52:52,142 [http-bio-8084-exec-7] [org.springframework.web.servlet.mvc.method.annotation.RequestResponseBodyMethodProcessor]-[DEBUG] Written [org.springframework.http.converter.json.MappingJacksonValue@1c6cef6] as "application/json;charset=UTF-8" using [org.springframework.http.converter.json.MappingJackson2HttpMessageConverter@1c01039]
2016-08-04 15:52:52,142 [http-bio-8084-exec-7] [org.springframework.web.servlet.DispatcherServlet]-[DEBUG] Null ModelAndView returned to DispatcherServlet with name 'taotao-sso': assuming HandlerAdapter completed request handling
2016-08-04 15:52:52,142 [http-bio-8084-exec-7] [org.springframework.web.servlet.DispatcherServlet]-[DEBUG] Successfully completed request
2016-08-04 15:52:58,543 [http-bio-8084-exec-9] [org.springframework.web.servlet.DispatcherServlet]-[DEBUG] DispatcherServlet with name 'taotao-sso' processing GET request for [/user/token/c725fe55-cbfd-41b5-9e24-3bdf96f6bd20]
2016-08-04 15:52:58,543 [http-bio-8084-exec-9] [org.springframework.web.servlet.mvc.method.annotation.RequestMappingHandlerMapping]-[DEBUG] Looking up handler method for path /user/token/c725fe55-cbfd-41b5-9e24-3bdf96f6bd20
2016-08-04 15:52:58,544 [http-bio-8084-exec-9] [org.springframework.web.servlet.mvc.method.annotation.RequestMappingHandlerMapping]-[DEBUG] Returning handler method [public java.lang.Object com.taotao.sso.controller.UserController.getUserByToken(java.lang.String,java.lang.String)]
2016-08-04 15:52:58,544 [http-bio-8084-exec-9] [org.springframework.beans.factory.support.DefaultListableBeanFactory]-[DEBUG] Returning cached instance of singleton bean 'userController'
2016-08-04 15:52:58,544 [http-bio-8084-exec-9] [org.springframework.web.servlet.DispatcherServlet]-[DEBUG] Last-Modified value for [/user/token/c725fe55-cbfd-41b5-9e24-3bdf96f6bd20] is: -1
2016-08-04 15:52:58,547 [http-bio-8084-exec-9] [org.springframework.web.servlet.mvc.method.annotation.ResponseBodyAdviceChain]-[DEBUG] Invoking ResponseBodyAdvice chain for body=com.taotao.common.pojo.TaotaoResult@26b4cc
2016-08-04 15:52:58,547 [http-bio-8084-exec-9] [org.springframework.web.servlet.mvc.method.annotation.ResponseBodyAdviceChain]-[DEBUG] After ResponseBodyAdvice chain body=com.taotao.common.pojo.TaotaoResult@26b4cc
2016-08-04 15:52:58,547 [http-bio-8084-exec-9] [org.springframework.web.servlet.mvc.method.annotation.RequestResponseBodyMethodProcessor]-[DEBUG] Written [com.taotao.common.pojo.TaotaoResult@26b4cc] as "application/json;charset=UTF-8" using [org.springframework.http.converter.json.MappingJackson2HttpMessageConverter@1c01039]
2016-08-04 15:52:58,548 [http-bio-8084-exec-9] [org.springframework.web.servlet.DispatcherServlet]-[DEBUG] Null ModelAndView returned to DispatcherServlet with name 'taotao-sso': assuming HandlerAdapter completed request handling
2016-08-04 15:52:58,548 [http-bio-8084-exec-9] [org.springframework.web.servlet.DispatcherServlet]-[DEBUG] Successfully completed request
2016-08-04 15:52:58,654 [http-bio-8084-exec-7] [org.springframework.web.servlet.DispatcherServlet]-[DEBUG] DispatcherServlet with name 'taotao-sso' processing GET request for [/user/token/c725fe55-cbfd-41b5-9e24-3bdf96f6bd20]
2016-08-04 15:52:58,654 [http-bio-8084-exec-7] [org.springframework.web.servlet.mvc.method.annotation.RequestMappingHandlerMapping]-[DEBUG] Looking up handler method for path /user/token/c725fe55-cbfd-41b5-9e24-3bdf96f6bd20
2016-08-04 15:52:58,654 [http-bio-8084-exec-7] [org.springframework.web.servlet.mvc.method.annotation.RequestMappingHandlerMapping]-[DEBUG] Returning handler method [public java.lang.Object com.taotao.sso.controller.UserController.getUserByToken(java.lang.String,java.lang.String)]
2016-08-04 15:52:58,654 [http-bio-8084-exec-7] [org.springframework.beans.factory.support.DefaultListableBeanFactory]-[DEBUG] Returning cached instance of singleton bean 'userController'
2016-08-04 15:52:58,654 [http-bio-8084-exec-7] [org.springframework.web.servlet.DispatcherServlet]-[DEBUG] Last-Modified value for [/user/token/c725fe55-cbfd-41b5-9e24-3bdf96f6bd20] is: -1
2016-08-04 15:52:58,656 [http-bio-8084-exec-7] [org.springframework.web.servlet.mvc.method.annotation.ResponseBodyAdviceChain]-[DEBUG] Invoking ResponseBodyAdvice chain for body=org.springframework.http.converter.json.MappingJacksonValue@127d6cd
2016-08-04 15:52:58,657 [http-bio-8084-exec-7] [org.springframework.web.servlet.mvc.method.annotation.ResponseBodyAdviceChain]-[DEBUG] After ResponseBodyAdvice chain body=org.springframework.http.converter.json.MappingJacksonValue@127d6cd
2016-08-04 15:52:58,657 [http-bio-8084-exec-7] [org.springframework.web.servlet.mvc.method.annotation.RequestResponseBodyMethodProcessor]-[DEBUG] Written [org.springframework.http.converter.json.MappingJacksonValue@127d6cd] as "application/json;charset=UTF-8" using [org.springframework.http.converter.json.MappingJackson2HttpMessageConverter@1c01039]
2016-08-04 15:52:58,657 [http-bio-8084-exec-7] [org.springframework.web.servlet.DispatcherServlet]-[DEBUG] Null ModelAndView returned to DispatcherServlet with name 'taotao-sso': assuming HandlerAdapter completed request handling
2016-08-04 15:52:58,657 [http-bio-8084-exec-7] [org.springframework.web.servlet.DispatcherServlet]-[DEBUG] Successfully completed request
2016-08-04 15:53:00,186 [http-bio-8084-exec-6] [org.springframework.web.servlet.DispatcherServlet]-[DEBUG] DispatcherServlet with name 'taotao-sso' processing GET request for [/user/token/c725fe55-cbfd-41b5-9e24-3bdf96f6bd20]
2016-08-04 15:53:00,186 [http-bio-8084-exec-6] [org.springframework.web.servlet.mvc.method.annotation.RequestMappingHandlerMapping]-[DEBUG] Looking up handler method for path /user/token/c725fe55-cbfd-41b5-9e24-3bdf96f6bd20
2016-08-04 15:53:00,187 [http-bio-8084-exec-6] [org.springframework.web.servlet.mvc.method.annotation.RequestMappingHandlerMapping]-[DEBUG] Returning handler method [public java.lang.Object com.taotao.sso.controller.UserController.getUserByToken(java.lang.String,java.lang.String)]
2016-08-04 15:53:00,187 [http-bio-8084-exec-6] [org.springframework.beans.factory.support.DefaultListableBeanFactory]-[DEBUG] Returning cached instance of singleton bean 'userController'
2016-08-04 15:53:00,187 [http-bio-8084-exec-6] [org.springframework.web.servlet.DispatcherServlet]-[DEBUG] Last-Modified value for [/user/token/c725fe55-cbfd-41b5-9e24-3bdf96f6bd20] is: -1
2016-08-04 15:53:00,189 [http-bio-8084-exec-6] [org.springframework.web.servlet.mvc.method.annotation.ResponseBodyAdviceChain]-[DEBUG] Invoking ResponseBodyAdvice chain for body=com.taotao.common.pojo.TaotaoResult@1f61e75
2016-08-04 15:53:00,189 [http-bio-8084-exec-6] [org.springframework.web.servlet.mvc.method.annotation.ResponseBodyAdviceChain]-[DEBUG] After ResponseBodyAdvice chain body=com.taotao.common.pojo.TaotaoResult@1f61e75
2016-08-04 15:53:00,190 [http-bio-8084-exec-6] [org.springframework.web.servlet.mvc.method.annotation.RequestResponseBodyMethodProcessor]-[DEBUG] Written [com.taotao.common.pojo.TaotaoResult@1f61e75] as "application/json;charset=UTF-8" using [org.springframework.http.converter.json.MappingJackson2HttpMessageConverter@1c01039]
2016-08-04 15:53:00,190 [http-bio-8084-exec-6] [org.springframework.web.servlet.DispatcherServlet]-[DEBUG] Null ModelAndView returned to DispatcherServlet with name 'taotao-sso': assuming HandlerAdapter completed request handling
2016-08-04 15:53:00,190 [http-bio-8084-exec-6] [org.springframework.web.servlet.DispatcherServlet]-[DEBUG] Successfully completed request
2016-08-04 15:53:00,265 [http-bio-8084-exec-7] [org.springframework.web.servlet.DispatcherServlet]-[DEBUG] DispatcherServlet with name 'taotao-sso' processing GET request for [/user/token/c725fe55-cbfd-41b5-9e24-3bdf96f6bd20]
2016-08-04 15:53:00,265 [http-bio-8084-exec-7] [org.springframework.web.servlet.mvc.method.annotation.RequestMappingHandlerMapping]-[DEBUG] Looking up handler method for path /user/token/c725fe55-cbfd-41b5-9e24-3bdf96f6bd20
2016-08-04 15:53:00,265 [http-bio-8084-exec-7] [org.springframework.web.servlet.mvc.method.annotation.RequestMappingHandlerMapping]-[DEBUG] Returning handler method [public java.lang.Object com.taotao.sso.controller.UserController.getUserByToken(java.lang.String,java.lang.String)]
2016-08-04 15:53:00,265 [http-bio-8084-exec-7] [org.springframework.beans.factory.support.DefaultListableBeanFactory]-[DEBUG] Returning cached instance of singleton bean 'userController'
2016-08-04 15:53:00,265 [http-bio-8084-exec-7] [org.springframework.web.servlet.DispatcherServlet]-[DEBUG] Last-Modified value for [/user/token/c725fe55-cbfd-41b5-9e24-3bdf96f6bd20] is: -1
2016-08-04 15:53:00,268 [http-bio-8084-exec-7] [org.springframework.web.servlet.mvc.method.annotation.ResponseBodyAdviceChain]-[DEBUG] Invoking ResponseBodyAdvice chain for body=org.springframework.http.converter.json.MappingJacksonValue@149b214
2016-08-04 15:53:00,268 [http-bio-8084-exec-7] [org.springframework.web.servlet.mvc.method.annotation.ResponseBodyAdviceChain]-[DEBUG] After ResponseBodyAdvice chain body=org.springframework.http.converter.json.MappingJacksonValue@149b214
2016-08-04 15:53:00,268 [http-bio-8084-exec-7] [org.springframework.web.servlet.mvc.method.annotation.RequestResponseBodyMethodProcessor]-[DEBUG] Written [org.springframework.http.converter.json.MappingJacksonValue@149b214] as "application/json;charset=UTF-8" using [org.springframework.http.converter.json.MappingJackson2HttpMessageConverter@1c01039]
2016-08-04 15:53:00,268 [http-bio-8084-exec-7] [org.springframework.web.servlet.DispatcherServlet]-[DEBUG] Null ModelAndView returned to DispatcherServlet with name 'taotao-sso': assuming HandlerAdapter completed request handling
2016-08-04 15:53:00,269 [http-bio-8084-exec-7] [org.springframework.web.servlet.DispatcherServlet]-[DEBUG] Successfully completed request
2016-08-04 15:55:10,723 [http-bio-8084-exec-8] [org.springframework.web.servlet.DispatcherServlet]-[DEBUG] DispatcherServlet with name 'taotao-sso' processing GET request for [/user/token/c725fe55-cbfd-41b5-9e24-3bdf96f6bd20]
2016-08-04 15:55:10,723 [http-bio-8084-exec-8] [org.springframework.web.servlet.mvc.method.annotation.RequestMappingHandlerMapping]-[DEBUG] Looking up handler method for path /user/token/c725fe55-cbfd-41b5-9e24-3bdf96f6bd20
2016-08-04 15:55:10,724 [http-bio-8084-exec-8] [org.springframework.web.servlet.mvc.method.annotation.RequestMappingHandlerMapping]-[DEBUG] Returning handler method [public java.lang.Object com.taotao.sso.controller.UserController.getUserByToken(java.lang.String,java.lang.String)]
2016-08-04 15:55:10,724 [http-bio-8084-exec-8] [org.springframework.beans.factory.support.DefaultListableBeanFactory]-[DEBUG] Returning cached instance of singleton bean 'userController'
2016-08-04 15:55:10,724 [http-bio-8084-exec-8] [org.springframework.web.servlet.DispatcherServlet]-[DEBUG] Last-Modified value for [/user/token/c725fe55-cbfd-41b5-9e24-3bdf96f6bd20] is: -1
2016-08-04 15:55:10,727 [http-bio-8084-exec-8] [org.springframework.web.servlet.mvc.method.annotation.ResponseBodyAdviceChain]-[DEBUG] Invoking ResponseBodyAdvice chain for body=org.springframework.http.converter.json.MappingJacksonValue@12b0292
2016-08-04 15:55:10,727 [http-bio-8084-exec-8] [org.springframework.web.servlet.mvc.method.annotation.ResponseBodyAdviceChain]-[DEBUG] After ResponseBodyAdvice chain body=org.springframework.http.converter.json.MappingJacksonValue@12b0292
2016-08-04 15:55:10,728 [http-bio-8084-exec-8] [org.springframework.web.servlet.mvc.method.annotation.RequestResponseBodyMethodProcessor]-[DEBUG] Written [org.springframework.http.converter.json.MappingJacksonValue@12b0292] as "application/json;charset=UTF-8" using [org.springframework.http.converter.json.MappingJackson2HttpMessageConverter@1c01039]
2016-08-04 15:55:10,728 [http-bio-8084-exec-8] [org.springframework.web.servlet.DispatcherServlet]-[DEBUG] Null ModelAndView returned to DispatcherServlet with name 'taotao-sso': assuming HandlerAdapter completed request handling
2016-08-04 15:55:10,728 [http-bio-8084-exec-8] [org.springframework.web.servlet.DispatcherServlet]-[DEBUG] Successfully completed request
2016-08-04 15:55:11,719 [http-bio-8084-exec-8] [org.springframework.web.servlet.DispatcherServlet]-[DEBUG] DispatcherServlet with name 'taotao-sso' processing GET request for [/user/token/c725fe55-cbfd-41b5-9e24-3bdf96f6bd20]
2016-08-04 15:55:11,719 [http-bio-8084-exec-8] [org.springframework.web.servlet.mvc.method.annotation.RequestMappingHandlerMapping]-[DEBUG] Looking up handler method for path /user/token/c725fe55-cbfd-41b5-9e24-3bdf96f6bd20
2016-08-04 15:55:11,719 [http-bio-8084-exec-8] [org.springframework.web.servlet.mvc.method.annotation.RequestMappingHandlerMapping]-[DEBUG] Returning handler method [public java.lang.Object com.taotao.sso.controller.UserController.getUserByToken(java.lang.String,java.lang.String)]
2016-08-04 15:55:11,719 [http-bio-8084-exec-8] [org.springframework.beans.factory.support.DefaultListableBeanFactory]-[DEBUG] Returning cached instance of singleton bean 'userController'
2016-08-04 15:55:11,719 [http-bio-8084-exec-8] [org.springframework.web.servlet.DispatcherServlet]-[DEBUG] Last-Modified value for [/user/token/c725fe55-cbfd-41b5-9e24-3bdf96f6bd20] is: -1
2016-08-04 15:55:11,721 [http-bio-8084-exec-8] [org.springframework.web.servlet.mvc.method.annotation.ResponseBodyAdviceChain]-[DEBUG] Invoking ResponseBodyAdvice chain for body=org.springframework.http.converter.json.MappingJacksonValue@b5e5cb
2016-08-04 15:55:11,722 [http-bio-8084-exec-8] [org.springframework.web.servlet.mvc.method.annotation.ResponseBodyAdviceChain]-[DEBUG] After ResponseBodyAdvice chain body=org.springframework.http.converter.json.MappingJacksonValue@b5e5cb
2016-08-04 15:55:11,722 [http-bio-8084-exec-8] [org.springframework.web.servlet.mvc.method.annotation.RequestResponseBodyMethodProcessor]-[DEBUG] Written [org.springframework.http.converter.json.MappingJacksonValue@b5e5cb] as "application/json;charset=UTF-8" using [org.springframework.http.converter.json.MappingJackson2HttpMessageConverter@1c01039]
2016-08-04 15:55:11,722 [http-bio-8084-exec-8] [org.springframework.web.servlet.DispatcherServlet]-[DEBUG] Null ModelAndView returned to DispatcherServlet with name 'taotao-sso': assuming HandlerAdapter completed request handling
2016-08-04 15:55:11,722 [http-bio-8084-exec-8] [org.springframework.web.servlet.DispatcherServlet]-[DEBUG] Successfully completed request
2016-08-04 15:55:13,023 [http-bio-8084-exec-8] [org.springframework.web.servlet.DispatcherServlet]-[DEBUG] DispatcherServlet with name 'taotao-sso' processing GET request for [/user/token/c725fe55-cbfd-41b5-9e24-3bdf96f6bd20]
2016-08-04 15:55:13,024 [http-bio-8084-exec-8] [org.springframework.web.servlet.mvc.method.annotation.RequestMappingHandlerMapping]-[DEBUG] Looking up handler method for path /user/token/c725fe55-cbfd-41b5-9e24-3bdf96f6bd20
2016-08-04 15:55:13,024 [http-bio-8084-exec-8] [org.springframework.web.servlet.mvc.method.annotation.RequestMappingHandlerMapping]-[DEBUG] Returning handler method [public java.lang.Object com.taotao.sso.controller.UserController.getUserByToken(java.lang.String,java.lang.String)]
2016-08-04 15:55:13,024 [http-bio-8084-exec-8] [org.springframework.beans.factory.support.DefaultListableBeanFactory]-[DEBUG] Returning cached instance of singleton bean 'userController'
2016-08-04 15:55:13,024 [http-bio-8084-exec-8] [org.springframework.web.servlet.DispatcherServlet]-[DEBUG] Last-Modified value for [/user/token/c725fe55-cbfd-41b5-9e24-3bdf96f6bd20] is: -1
2016-08-04 15:55:13,027 [http-bio-8084-exec-8] [org.springframework.web.servlet.mvc.method.annotation.ResponseBodyAdviceChain]-[DEBUG] Invoking ResponseBodyAdvice chain for body=org.springframework.http.converter.json.MappingJacksonValue@5964ae
2016-08-04 15:55:13,027 [http-bio-8084-exec-8] [org.springframework.web.servlet.mvc.method.annotation.ResponseBodyAdviceChain]-[DEBUG] After ResponseBodyAdvice chain body=org.springframework.http.converter.json.MappingJacksonValue@5964ae
2016-08-04 15:55:13,028 [http-bio-8084-exec-8] [org.springframework.web.servlet.mvc.method.annotation.RequestResponseBodyMethodProcessor]-[DEBUG] Written [org.springframework.http.converter.json.MappingJacksonValue@5964ae] as "application/json;charset=UTF-8" using [org.springframework.http.converter.json.MappingJackson2HttpMessageConverter@1c01039]
2016-08-04 15:55:13,028 [http-bio-8084-exec-8] [org.springframework.web.servlet.DispatcherServlet]-[DEBUG] Null ModelAndView returned to DispatcherServlet with name 'taotao-sso': assuming HandlerAdapter completed request handling
2016-08-04 15:55:13,028 [http-bio-8084-exec-8] [org.springframework.web.servlet.DispatcherServlet]-[DEBUG] Successfully completed request
2016-08-04 15:55:13,780 [http-bio-8084-exec-8] [org.springframework.web.servlet.DispatcherServlet]-[DEBUG] DispatcherServlet with name 'taotao-sso' processing GET request for [/user/token/c725fe55-cbfd-41b5-9e24-3bdf96f6bd20]
2016-08-04 15:55:13,781 [http-bio-8084-exec-8] [org.springframework.web.servlet.mvc.method.annotation.RequestMappingHandlerMapping]-[DEBUG] Looking up handler method for path /user/token/c725fe55-cbfd-41b5-9e24-3bdf96f6bd20
2016-08-04 15:55:13,781 [http-bio-8084-exec-8] [org.springframework.web.servlet.mvc.method.annotation.RequestMappingHandlerMapping]-[DEBUG] Returning handler method [public java.lang.Object com.taotao.sso.controller.UserController.getUserByToken(java.lang.String,java.lang.String)]
2016-08-04 15:55:13,781 [http-bio-8084-exec-8] [org.springframework.beans.factory.support.DefaultListableBeanFactory]-[DEBUG] Returning cached instance of singleton bean 'userController'
2016-08-04 15:55:13,781 [http-bio-8084-exec-8] [org.springframework.web.servlet.DispatcherServlet]-[DEBUG] Last-Modified value for [/user/token/c725fe55-cbfd-41b5-9e24-3bdf96f6bd20] is: -1
2016-08-04 15:55:13,783 [http-bio-8084-exec-8] [org.springframework.web.servlet.mvc.method.annotation.ResponseBodyAdviceChain]-[DEBUG] Invoking ResponseBodyAdvice chain for body=org.springframework.http.converter.json.MappingJacksonValue@e11314
2016-08-04 15:55:13,783 [http-bio-8084-exec-8] [org.springframework.web.servlet.mvc.method.annotation.ResponseBodyAdviceChain]-[DEBUG] After ResponseBodyAdvice chain body=org.springframework.http.converter.json.MappingJacksonValue@e11314
2016-08-04 15:55:13,784 [http-bio-8084-exec-8] [org.springframework.web.servlet.mvc.method.annotation.RequestResponseBodyMethodProcessor]-[DEBUG] Written [org.springframework.http.converter.json.MappingJacksonValue@e11314] as "application/json;charset=UTF-8" using [org.springframework.http.converter.json.MappingJackson2HttpMessageConverter@1c01039]
2016-08-04 15:55:13,784 [http-bio-8084-exec-8] [org.springframework.web.servlet.DispatcherServlet]-[DEBUG] Null ModelAndView returned to DispatcherServlet with name 'taotao-sso': assuming HandlerAdapter completed request handling
2016-08-04 15:55:13,784 [http-bio-8084-exec-8] [org.springframework.web.servlet.DispatcherServlet]-[DEBUG] Successfully completed request
2016-08-04 15:55:14,486 [http-bio-8084-exec-8] [org.springframework.web.servlet.DispatcherServlet]-[DEBUG] DispatcherServlet with name 'taotao-sso' processing GET request for [/user/token/c725fe55-cbfd-41b5-9e24-3bdf96f6bd20]
2016-08-04 15:55:14,486 [http-bio-8084-exec-8] [org.springframework.web.servlet.mvc.method.annotation.RequestMappingHandlerMapping]-[DEBUG] Looking up handler method for path /user/token/c725fe55-cbfd-41b5-9e24-3bdf96f6bd20
2016-08-04 15:55:14,486 [http-bio-8084-exec-8] [org.springframework.web.servlet.mvc.method.annotation.RequestMappingHandlerMapping]-[DEBUG] Returning handler method [public java.lang.Object com.taotao.sso.controller.UserController.getUserByToken(java.lang.String,java.lang.String)]
2016-08-04 15:55:14,486 [http-bio-8084-exec-8] [org.springframework.beans.factory.support.DefaultListableBeanFactory]-[DEBUG] Returning cached instance of singleton bean 'userController'
2016-08-04 15:55:14,486 [http-bio-8084-exec-8] [org.springframework.web.servlet.DispatcherServlet]-[DEBUG] Last-Modified value for [/user/token/c725fe55-cbfd-41b5-9e24-3bdf96f6bd20] is: -1
2016-08-04 15:55:14,488 [http-bio-8084-exec-8] [org.springframework.web.servlet.mvc.method.annotation.ResponseBodyAdviceChain]-[DEBUG] Invoking ResponseBodyAdvice chain for body=org.springframework.http.converter.json.MappingJacksonValue@abb7bc
2016-08-04 15:55:14,489 [http-bio-8084-exec-8] [org.springframework.web.servlet.mvc.method.annotation.ResponseBodyAdviceChain]-[DEBUG] After ResponseBodyAdvice chain body=org.springframework.http.converter.json.MappingJacksonValue@abb7bc
2016-08-04 15:55:14,489 [http-bio-8084-exec-8] [org.springframework.web.servlet.mvc.method.annotation.RequestResponseBodyMethodProcessor]-[DEBUG] Written [org.springframework.http.converter.json.MappingJacksonValue@abb7bc] as "application/json;charset=UTF-8" using [org.springframework.http.converter.json.MappingJackson2HttpMessageConverter@1c01039]
2016-08-04 15:55:14,489 [http-bio-8084-exec-8] [org.springframework.web.servlet.DispatcherServlet]-[DEBUG] Null ModelAndView returned to DispatcherServlet with name 'taotao-sso': assuming HandlerAdapter completed request handling
2016-08-04 15:55:14,489 [http-bio-8084-exec-8] [org.springframework.web.servlet.DispatcherServlet]-[DEBUG] Successfully completed request
2016-08-04 15:55:15,113 [http-bio-8084-exec-8] [org.springframework.web.servlet.DispatcherServlet]-[DEBUG] DispatcherServlet with name 'taotao-sso' processing GET request for [/user/token/c725fe55-cbfd-41b5-9e24-3bdf96f6bd20]
2016-08-04 15:55:15,114 [http-bio-8084-exec-8] [org.springframework.web.servlet.mvc.method.annotation.RequestMappingHandlerMapping]-[DEBUG] Looking up handler method for path /user/token/c725fe55-cbfd-41b5-9e24-3bdf96f6bd20
2016-08-04 15:55:15,114 [http-bio-8084-exec-8] [org.springframework.web.servlet.mvc.method.annotation.RequestMappingHandlerMapping]-[DEBUG] Returning handler method [public java.lang.Object com.taotao.sso.controller.UserController.getUserByToken(java.lang.String,java.lang.String)]
2016-08-04 15:55:15,114 [http-bio-8084-exec-8] [org.springframework.beans.factory.support.DefaultListableBeanFactory]-[DEBUG] Returning cached instance of singleton bean 'userController'
2016-08-04 15:55:15,114 [http-bio-8084-exec-8] [org.springframework.web.servlet.DispatcherServlet]-[DEBUG] Last-Modified value for [/user/token/c725fe55-cbfd-41b5-9e24-3bdf96f6bd20] is: -1
2016-08-04 15:55:15,118 [http-bio-8084-exec-8] [org.springframework.web.servlet.mvc.method.annotation.ResponseBodyAdviceChain]-[DEBUG] Invoking ResponseBodyAdvice chain for body=org.springframework.http.converter.json.MappingJacksonValue@1abc51e
2016-08-04 15:55:15,118 [http-bio-8084-exec-8] [org.springframework.web.servlet.mvc.method.annotation.ResponseBodyAdviceChain]-[DEBUG] After ResponseBodyAdvice chain body=org.springframework.http.converter.json.MappingJacksonValue@1abc51e
2016-08-04 15:55:15,118 [http-bio-8084-exec-8] [org.springframework.web.servlet.mvc.method.annotation.RequestResponseBodyMethodProcessor]-[DEBUG] Written [org.springframework.http.converter.json.MappingJacksonValue@1abc51e] as "application/json;charset=UTF-8" using [org.springframework.http.converter.json.MappingJackson2HttpMessageConverter@1c01039]
2016-08-04 15:55:15,118 [http-bio-8084-exec-8] [org.springframework.web.servlet.DispatcherServlet]-[DEBUG] Null ModelAndView returned to DispatcherServlet with name 'taotao-sso': assuming HandlerAdapter completed request handling
2016-08-04 15:55:15,118 [http-bio-8084-exec-8] [org.springframework.web.servlet.DispatcherServlet]-[DEBUG] Successfully completed request
2016-08-04 15:55:15,738 [http-bio-8084-exec-8] [org.springframework.web.servlet.DispatcherServlet]-[DEBUG] DispatcherServlet with name 'taotao-sso' processing GET request for [/user/token/c725fe55-cbfd-41b5-9e24-3bdf96f6bd20]
2016-08-04 15:55:15,738 [http-bio-8084-exec-8] [org.springframework.web.servlet.mvc.method.annotation.RequestMappingHandlerMapping]-[DEBUG] Looking up handler method for path /user/token/c725fe55-cbfd-41b5-9e24-3bdf96f6bd20
2016-08-04 15:55:15,738 [http-bio-8084-exec-8] [org.springframework.web.servlet.mvc.method.annotation.RequestMappingHandlerMapping]-[DEBUG] Returning handler method [public java.lang.Object com.taotao.sso.controller.UserController.getUserByToken(java.lang.String,java.lang.String)]
2016-08-04 15:55:15,738 [http-bio-8084-exec-8] [org.springframework.beans.factory.support.DefaultListableBeanFactory]-[DEBUG] Returning cached instance of singleton bean 'userController'
2016-08-04 15:55:15,738 [http-bio-8084-exec-8] [org.springframework.web.servlet.DispatcherServlet]-[DEBUG] Last-Modified value for [/user/token/c725fe55-cbfd-41b5-9e24-3bdf96f6bd20] is: -1
2016-08-04 15:55:15,740 [http-bio-8084-exec-8] [org.springframework.web.servlet.mvc.method.annotation.ResponseBodyAdviceChain]-[DEBUG] Invoking ResponseBodyAdvice chain for body=org.springframework.http.converter.json.MappingJacksonValue@1a6edf
2016-08-04 15:55:15,741 [http-bio-8084-exec-8] [org.springframework.web.servlet.mvc.method.annotation.ResponseBodyAdviceChain]-[DEBUG] After ResponseBodyAdvice chain body=org.springframework.http.converter.json.MappingJacksonValue@1a6edf
2016-08-04 15:55:15,741 [http-bio-8084-exec-8] [org.springframework.web.servlet.mvc.method.annotation.RequestResponseBodyMethodProcessor]-[DEBUG] Written [org.springframework.http.converter.json.MappingJacksonValue@1a6edf] as "application/json;charset=UTF-8" using [org.springframework.http.converter.json.MappingJackson2HttpMessageConverter@1c01039]
2016-08-04 15:55:15,741 [http-bio-8084-exec-8] [org.springframework.web.servlet.DispatcherServlet]-[DEBUG] Null ModelAndView returned to DispatcherServlet with name 'taotao-sso': assuming HandlerAdapter completed request handling
2016-08-04 15:55:15,741 [http-bio-8084-exec-8] [org.springframework.web.servlet.DispatcherServlet]-[DEBUG] Successfully completed request
2016-08-04 15:55:16,264 [http-bio-8084-exec-8] [org.springframework.web.servlet.DispatcherServlet]-[DEBUG] DispatcherServlet with name 'taotao-sso' processing GET request for [/user/token/c725fe55-cbfd-41b5-9e24-3bdf96f6bd20]
2016-08-04 15:55:16,264 [http-bio-8084-exec-8] [org.springframework.web.servlet.mvc.method.annotation.RequestMappingHandlerMapping]-[DEBUG] Looking up handler method for path /user/token/c725fe55-cbfd-41b5-9e24-3bdf96f6bd20
2016-08-04 15:55:16,264 [http-bio-8084-exec-8] [org.springframework.web.servlet.mvc.method.annotation.RequestMappingHandlerMapping]-[DEBUG] Returning handler method [public java.lang.Object com.taotao.sso.controller.UserController.getUserByToken(java.lang.String,java.lang.String)]
2016-08-04 15:55:16,264 [http-bio-8084-exec-8] [org.springframework.beans.factory.support.DefaultListableBeanFactory]-[DEBUG] Returning cached instance of singleton bean 'userController'
2016-08-04 15:55:16,265 [http-bio-8084-exec-8] [org.springframework.web.servlet.DispatcherServlet]-[DEBUG] Last-Modified value for [/user/token/c725fe55-cbfd-41b5-9e24-3bdf96f6bd20] is: -1
2016-08-04 15:55:16,269 [http-bio-8084-exec-8] [org.springframework.web.servlet.mvc.method.annotation.ResponseBodyAdviceChain]-[DEBUG] Invoking ResponseBodyAdvice chain for body=org.springframework.http.converter.json.MappingJacksonValue@1651567
2016-08-04 15:55:16,269 [http-bio-8084-exec-8] [org.springframework.web.servlet.mvc.method.annotation.ResponseBodyAdviceChain]-[DEBUG] After ResponseBodyAdvice chain body=org.springframework.http.converter.json.MappingJacksonValue@1651567
2016-08-04 15:55:16,270 [http-bio-8084-exec-8] [org.springframework.web.servlet.mvc.method.annotation.RequestResponseBodyMethodProcessor]-[DEBUG] Written [org.springframework.http.converter.json.MappingJacksonValue@1651567] as "application/json;charset=UTF-8" using [org.springframework.http.converter.json.MappingJackson2HttpMessageConverter@1c01039]
2016-08-04 15:55:16,270 [http-bio-8084-exec-8] [org.springframework.web.servlet.DispatcherServlet]-[DEBUG] Null ModelAndView returned to DispatcherServlet with name 'taotao-sso': assuming HandlerAdapter completed request handling
2016-08-04 15:55:16,270 [http-bio-8084-exec-8] [org.springframework.web.servlet.DispatcherServlet]-[DEBUG] Successfully completed request
2016-08-04 15:59:14,392 [http-bio-8084-exec-9] [org.springframework.web.servlet.DispatcherServlet]-[DEBUG] DispatcherServlet with name 'taotao-sso' processing GET request for [/user/token/c725fe55-cbfd-41b5-9e24-3bdf96f6bd20]
2016-08-04 15:59:14,393 [http-bio-8084-exec-9] [org.springframework.web.servlet.mvc.method.annotation.RequestMappingHandlerMapping]-[DEBUG] Looking up handler method for path /user/token/c725fe55-cbfd-41b5-9e24-3bdf96f6bd20
2016-08-04 15:59:14,393 [http-bio-8084-exec-9] [org.springframework.web.servlet.mvc.method.annotation.RequestMappingHandlerMapping]-[DEBUG] Returning handler method [public java.lang.Object com.taotao.sso.controller.UserController.getUserByToken(java.lang.String,java.lang.String)]
2016-08-04 15:59:14,393 [http-bio-8084-exec-9] [org.springframework.beans.factory.support.DefaultListableBeanFactory]-[DEBUG] Returning cached instance of singleton bean 'userController'
2016-08-04 15:59:14,393 [http-bio-8084-exec-9] [org.springframework.web.servlet.DispatcherServlet]-[DEBUG] Last-Modified value for [/user/token/c725fe55-cbfd-41b5-9e24-3bdf96f6bd20] is: -1
2016-08-04 15:59:14,396 [http-bio-8084-exec-9] [org.springframework.web.servlet.mvc.method.annotation.ResponseBodyAdviceChain]-[DEBUG] Invoking ResponseBodyAdvice chain for body=org.springframework.http.converter.json.MappingJacksonValue@26ceeb
2016-08-04 15:59:14,396 [http-bio-8084-exec-9] [org.springframework.web.servlet.mvc.method.annotation.ResponseBodyAdviceChain]-[DEBUG] After ResponseBodyAdvice chain body=org.springframework.http.converter.json.MappingJacksonValue@26ceeb
2016-08-04 15:59:14,397 [http-bio-8084-exec-9] [org.springframework.web.servlet.mvc.method.annotation.RequestResponseBodyMethodProcessor]-[DEBUG] Written [org.springframework.http.converter.json.MappingJacksonValue@26ceeb] as "application/json;charset=UTF-8" using [org.springframework.http.converter.json.MappingJackson2HttpMessageConverter@1c01039]
2016-08-04 15:59:14,397 [http-bio-8084-exec-9] [org.springframework.web.servlet.DispatcherServlet]-[DEBUG] Null ModelAndView returned to DispatcherServlet with name 'taotao-sso': assuming HandlerAdapter completed request handling
2016-08-04 15:59:14,397 [http-bio-8084-exec-9] [org.springframework.web.servlet.DispatcherServlet]-[DEBUG] Successfully completed request
2016-08-04 15:59:15,898 [http-bio-8084-exec-9] [org.springframework.web.servlet.DispatcherServlet]-[DEBUG] DispatcherServlet with name 'taotao-sso' processing GET request for [/user/token/c725fe55-cbfd-41b5-9e24-3bdf96f6bd20]
2016-08-04 15:59:15,898 [http-bio-8084-exec-9] [org.springframework.web.servlet.mvc.method.annotation.RequestMappingHandlerMapping]-[DEBUG] Looking up handler method for path /user/token/c725fe55-cbfd-41b5-9e24-3bdf96f6bd20
2016-08-04 15:59:15,898 [http-bio-8084-exec-9] [org.springframework.web.servlet.mvc.method.annotation.RequestMappingHandlerMapping]-[DEBUG] Returning handler method [public java.lang.Object com.taotao.sso.controller.UserController.getUserByToken(java.lang.String,java.lang.String)]
2016-08-04 15:59:15,898 [http-bio-8084-exec-9] [org.springframework.beans.factory.support.DefaultListableBeanFactory]-[DEBUG] Returning cached instance of singleton bean 'userController'
2016-08-04 15:59:15,898 [http-bio-8084-exec-9] [org.springframework.web.servlet.DispatcherServlet]-[DEBUG] Last-Modified value for [/user/token/c725fe55-cbfd-41b5-9e24-3bdf96f6bd20] is: -1
2016-08-04 15:59:15,903 [http-bio-8084-exec-9] [org.springframework.web.servlet.mvc.method.annotation.ResponseBodyAdviceChain]-[DEBUG] Invoking ResponseBodyAdvice chain for body=org.springframework.http.converter.json.MappingJacksonValue@1dab8d7
2016-08-04 15:59:15,903 [http-bio-8084-exec-9] [org.springframework.web.servlet.mvc.method.annotation.ResponseBodyAdviceChain]-[DEBUG] After ResponseBodyAdvice chain body=org.springframework.http.converter.json.MappingJacksonValue@1dab8d7
2016-08-04 15:59:15,903 [http-bio-8084-exec-9] [org.springframework.web.servlet.mvc.method.annotation.RequestResponseBodyMethodProcessor]-[DEBUG] Written [org.springframework.http.converter.json.MappingJacksonValue@1dab8d7] as "application/json;charset=UTF-8" using [org.springframework.http.converter.json.MappingJackson2HttpMessageConverter@1c01039]
2016-08-04 15:59:15,903 [http-bio-8084-exec-9] [org.springframework.web.servlet.DispatcherServlet]-[DEBUG] Null ModelAndView returned to DispatcherServlet with name 'taotao-sso': assuming HandlerAdapter completed request handling
2016-08-04 15:59:15,903 [http-bio-8084-exec-9] [org.springframework.web.servlet.DispatcherServlet]-[DEBUG] Successfully completed request
2016-08-04 15:59:17,228 [http-bio-8084-exec-9] [org.springframework.web.servlet.DispatcherServlet]-[DEBUG] DispatcherServlet with name 'taotao-sso' processing GET request for [/user/token/c725fe55-cbfd-41b5-9e24-3bdf96f6bd20]
2016-08-04 15:59:17,229 [http-bio-8084-exec-9] [org.springframework.web.servlet.mvc.method.annotation.RequestMappingHandlerMapping]-[DEBUG] Looking up handler method for path /user/token/c725fe55-cbfd-41b5-9e24-3bdf96f6bd20
2016-08-04 15:59:17,229 [http-bio-8084-exec-9] [org.springframework.web.servlet.mvc.method.annotation.RequestMappingHandlerMapping]-[DEBUG] Returning handler method [public java.lang.Object com.taotao.sso.controller.UserController.getUserByToken(java.lang.String,java.lang.String)]
2016-08-04 15:59:17,229 [http-bio-8084-exec-9] [org.springframework.beans.factory.support.DefaultListableBeanFactory]-[DEBUG] Returning cached instance of singleton bean 'userController'
2016-08-04 15:59:17,229 [http-bio-8084-exec-9] [org.springframework.web.servlet.DispatcherServlet]-[DEBUG] Last-Modified value for [/user/token/c725fe55-cbfd-41b5-9e24-3bdf96f6bd20] is: -1
2016-08-04 15:59:17,233 [http-bio-8084-exec-9] [org.springframework.web.servlet.mvc.method.annotation.ResponseBodyAdviceChain]-[DEBUG] Invoking ResponseBodyAdvice chain for body=org.springframework.http.converter.json.MappingJacksonValue@9d64a0
2016-08-04 15:59:17,233 [http-bio-8084-exec-9] [org.springframework.web.servlet.mvc.method.annotation.ResponseBodyAdviceChain]-[DEBUG] After ResponseBodyAdvice chain body=org.springframework.http.converter.json.MappingJacksonValue@9d64a0
2016-08-04 15:59:17,233 [http-bio-8084-exec-9] [org.springframework.web.servlet.mvc.method.annotation.RequestResponseBodyMethodProcessor]-[DEBUG] Written [org.springframework.http.converter.json.MappingJacksonValue@9d64a0] as "application/json;charset=UTF-8" using [org.springframework.http.converter.json.MappingJackson2HttpMessageConverter@1c01039]
2016-08-04 15:59:17,233 [http-bio-8084-exec-9] [org.springframework.web.servlet.DispatcherServlet]-[DEBUG] Null ModelAndView returned to DispatcherServlet with name 'taotao-sso': assuming HandlerAdapter completed request handling
2016-08-04 15:59:17,233 [http-bio-8084-exec-9] [org.springframework.web.servlet.DispatcherServlet]-[DEBUG] Successfully completed request
2016-08-04 15:59:18,171 [http-bio-8084-exec-9] [org.springframework.web.servlet.DispatcherServlet]-[DEBUG] DispatcherServlet with name 'taotao-sso' processing GET request for [/user/token/c725fe55-cbfd-41b5-9e24-3bdf96f6bd20]
2016-08-04 15:59:18,171 [http-bio-8084-exec-9] [org.springframework.web.servlet.mvc.method.annotation.RequestMappingHandlerMapping]-[DEBUG] Looking up handler method for path /user/token/c725fe55-cbfd-41b5-9e24-3bdf96f6bd20
2016-08-04 15:59:18,171 [http-bio-8084-exec-9] [org.springframework.web.servlet.mvc.method.annotation.RequestMappingHandlerMapping]-[DEBUG] Returning handler method [public java.lang.Object com.taotao.sso.controller.UserController.getUserByToken(java.lang.String,java.lang.String)]
2016-08-04 15:59:18,172 [http-bio-8084-exec-9] [org.springframework.beans.factory.support.DefaultListableBeanFactory]-[DEBUG] Returning cached instance of singleton bean 'userController'
2016-08-04 15:59:18,172 [http-bio-8084-exec-9] [org.springframework.web.servlet.DispatcherServlet]-[DEBUG] Last-Modified value for [/user/token/c725fe55-cbfd-41b5-9e24-3bdf96f6bd20] is: -1
2016-08-04 15:59:18,174 [http-bio-8084-exec-9] [org.springframework.web.servlet.mvc.method.annotation.ResponseBodyAdviceChain]-[DEBUG] Invoking ResponseBodyAdvice chain for body=org.springframework.http.converter.json.MappingJacksonValue@13944b0
2016-08-04 15:59:18,174 [http-bio-8084-exec-9] [org.springframework.web.servlet.mvc.method.annotation.ResponseBodyAdviceChain]-[DEBUG] After ResponseBodyAdvice chain body=org.springframework.http.converter.json.MappingJacksonValue@13944b0
2016-08-04 15:59:18,174 [http-bio-8084-exec-9] [org.springframework.web.servlet.mvc.method.annotation.RequestResponseBodyMethodProcessor]-[DEBUG] Written [org.springframework.http.converter.json.MappingJacksonValue@13944b0] as "application/json;charset=UTF-8" using [org.springframework.http.converter.json.MappingJackson2HttpMessageConverter@1c01039]
2016-08-04 15:59:18,174 [http-bio-8084-exec-9] [org.springframework.web.servlet.DispatcherServlet]-[DEBUG] Null ModelAndView returned to DispatcherServlet with name 'taotao-sso': assuming HandlerAdapter completed request handling
2016-08-04 15:59:18,174 [http-bio-8084-exec-9] [org.springframework.web.servlet.DispatcherServlet]-[DEBUG] Successfully completed request
2016-08-04 15:59:19,419 [http-bio-8084-exec-7] [org.springframework.web.servlet.DispatcherServlet]-[DEBUG] DispatcherServlet with name 'taotao-sso' processing GET request for [/user/token/c725fe55-cbfd-41b5-9e24-3bdf96f6bd20]
2016-08-04 15:59:19,419 [http-bio-8084-exec-7] [org.springframework.web.servlet.mvc.method.annotation.RequestMappingHandlerMapping]-[DEBUG] Looking up handler method for path /user/token/c725fe55-cbfd-41b5-9e24-3bdf96f6bd20
2016-08-04 15:59:19,419 [http-bio-8084-exec-7] [org.springframework.web.servlet.mvc.method.annotation.RequestMappingHandlerMapping]-[DEBUG] Returning handler method [public java.lang.Object com.taotao.sso.controller.UserController.getUserByToken(java.lang.String,java.lang.String)]
2016-08-04 15:59:19,419 [http-bio-8084-exec-7] [org.springframework.beans.factory.support.DefaultListableBeanFactory]-[DEBUG] Returning cached instance of singleton bean 'userController'
2016-08-04 15:59:19,420 [http-bio-8084-exec-7] [org.springframework.web.servlet.DispatcherServlet]-[DEBUG] Last-Modified value for [/user/token/c725fe55-cbfd-41b5-9e24-3bdf96f6bd20] is: -1
2016-08-04 15:59:19,422 [http-bio-8084-exec-7] [org.springframework.web.servlet.mvc.method.annotation.ResponseBodyAdviceChain]-[DEBUG] Invoking ResponseBodyAdvice chain for body=com.taotao.common.pojo.TaotaoResult@1fce15a
2016-08-04 15:59:19,422 [http-bio-8084-exec-7] [org.springframework.web.servlet.mvc.method.annotation.ResponseBodyAdviceChain]-[DEBUG] After ResponseBodyAdvice chain body=com.taotao.common.pojo.TaotaoResult@1fce15a
2016-08-04 15:59:19,423 [http-bio-8084-exec-7] [org.springframework.web.servlet.mvc.method.annotation.RequestResponseBodyMethodProcessor]-[DEBUG] Written [com.taotao.common.pojo.TaotaoResult@1fce15a] as "application/json;charset=UTF-8" using [org.springframework.http.converter.json.MappingJackson2HttpMessageConverter@1c01039]
2016-08-04 15:59:19,423 [http-bio-8084-exec-7] [org.springframework.web.servlet.DispatcherServlet]-[DEBUG] Null ModelAndView returned to DispatcherServlet with name 'taotao-sso': assuming HandlerAdapter completed request handling
2016-08-04 15:59:19,423 [http-bio-8084-exec-7] [org.springframework.web.servlet.DispatcherServlet]-[DEBUG] Successfully completed request
2016-08-04 15:59:19,564 [http-bio-8084-exec-9] [org.springframework.web.servlet.DispatcherServlet]-[DEBUG] DispatcherServlet with name 'taotao-sso' processing GET request for [/user/token/c725fe55-cbfd-41b5-9e24-3bdf96f6bd20]
2016-08-04 15:59:19,565 [http-bio-8084-exec-9] [org.springframework.web.servlet.mvc.method.annotation.RequestMappingHandlerMapping]-[DEBUG] Looking up handler method for path /user/token/c725fe55-cbfd-41b5-9e24-3bdf96f6bd20
2016-08-04 15:59:19,565 [http-bio-8084-exec-9] [org.springframework.web.servlet.mvc.method.annotation.RequestMappingHandlerMapping]-[DEBUG] Returning handler method [public java.lang.Object com.taotao.sso.controller.UserController.getUserByToken(java.lang.String,java.lang.String)]
2016-08-04 15:59:19,565 [http-bio-8084-exec-9] [org.springframework.beans.factory.support.DefaultListableBeanFactory]-[DEBUG] Returning cached instance of singleton bean 'userController'
2016-08-04 15:59:19,565 [http-bio-8084-exec-9] [org.springframework.web.servlet.DispatcherServlet]-[DEBUG] Last-Modified value for [/user/token/c725fe55-cbfd-41b5-9e24-3bdf96f6bd20] is: -1
2016-08-04 15:59:19,568 [http-bio-8084-exec-9] [org.springframework.web.servlet.mvc.method.annotation.ResponseBodyAdviceChain]-[DEBUG] Invoking ResponseBodyAdvice chain for body=org.springframework.http.converter.json.MappingJacksonValue@12f1b4e
2016-08-04 15:59:19,569 [http-bio-8084-exec-9] [org.springframework.web.servlet.mvc.method.annotation.ResponseBodyAdviceChain]-[DEBUG] After ResponseBodyAdvice chain body=org.springframework.http.converter.json.MappingJacksonValue@12f1b4e
2016-08-04 15:59:19,569 [http-bio-8084-exec-9] [org.springframework.web.servlet.mvc.method.annotation.RequestResponseBodyMethodProcessor]-[DEBUG] Written [org.springframework.http.converter.json.MappingJacksonValue@12f1b4e] as "application/json;charset=UTF-8" using [org.springframework.http.converter.json.MappingJackson2HttpMessageConverter@1c01039]
2016-08-04 15:59:19,569 [http-bio-8084-exec-9] [org.springframework.web.servlet.DispatcherServlet]-[DEBUG] Null ModelAndView returned to DispatcherServlet with name 'taotao-sso': assuming HandlerAdapter completed request handling
2016-08-04 15:59:19,569 [http-bio-8084-exec-9] [org.springframework.web.servlet.DispatcherServlet]-[DEBUG] Successfully completed request
